#! /c/Source/iverilog-install/bin/vvp
:ivl_version "12.0 (devel)" "(s20150603-1110-g18392a46)";
:ivl_delay_selection "TYPICAL";
:vpi_time_precision + 0;
:vpi_module "C:\iverilog\lib\ivl\system.vpi";
:vpi_module "C:\iverilog\lib\ivl\vhdl_sys.vpi";
:vpi_module "C:\iverilog\lib\ivl\vhdl_textio.vpi";
:vpi_module "C:\iverilog\lib\ivl\v2005_math.vpi";
:vpi_module "C:\iverilog\lib\ivl\va_math.vpi";
S_0000013744fe7d80 .scope module, "testbench_ripple_carry_adder" "testbench_ripple_carry_adder" 2 16;
 .timescale 0 0;
v0000013744ff2ee0_0 .var "A", 1 0;
v0000013744ff29e0_0 .var "B", 1 0;
v0000013744ff2f80_0 .var "Cin", 0 0;
v0000013744ff2760_0 .net "Cout", 0 0, L_0000013744ff26c0;  1 drivers
v0000013744ff30c0_0 .net "Sum", 1 0, L_0000013744ff2440;  1 drivers
v0000013744ff2a80_0 .var "inputs", 3 0;
S_0000013744ff5a80 .scope module, "uut" "ripple_carry_adder" 2 29, 2 3 0, S_0000013744fe7d80;
 .timescale 0 0;
    .port_info 0 /INPUT 2 "A";
    .port_info 1 /INPUT 2 "B";
    .port_info 2 /INPUT 1 "Cin";
    .port_info 3 /OUTPUT 2 "Sum";
    .port_info 4 /OUTPUT 1 "Cout";
v0000013744fc2f40_0 .net "A", 1 0, v0000013744ff2ee0_0;  1 drivers
v0000013744fe64e0_0 .net "B", 1 0, v0000013744ff29e0_0;  1 drivers
v0000013744fe7f10_0 .net "Cin", 0 0, v0000013744ff2f80_0;  1 drivers
v0000013744fc2b20_0 .net "Cout", 0 0, L_0000013744ff26c0;  alias, 1 drivers
v0000013744f3be10_0 .net "Sum", 1 0, L_0000013744ff2440;  alias, 1 drivers
L_000001374503fc80 .functor BUFT 1, C4<0>, C4<0>, C4<0>, C4<0>;
v0000013744f3beb0_0 .net *"_ivl_10", 0 0, L_000001374503fc80;  1 drivers
v0000013744ff5c10_0 .net *"_ivl_11", 2 0, L_0000013744ff32a0;  1 drivers
v0000013744ff5cb0_0 .net *"_ivl_13", 2 0, L_0000013744ff2da0;  1 drivers
L_000001374503fcc8 .functor BUFT 1, C4<00>, C4<0>, C4<0>, C4<0>;
v0000013744ff5d50_0 .net *"_ivl_16", 1 0, L_000001374503fcc8;  1 drivers
v0000013744ff5df0_0 .net *"_ivl_17", 2 0, L_0000013744ff2c60;  1 drivers
v0000013744ff5e90_0 .net *"_ivl_3", 2 0, L_0000013744ff3160;  1 drivers
L_000001374503fc38 .functor BUFT 1, C4<0>, C4<0>, C4<0>, C4<0>;
v0000013744ff3020_0 .net *"_ivl_6", 0 0, L_000001374503fc38;  1 drivers
v0000013744ff2d00_0 .net *"_ivl_7", 2 0, L_0000013744ff3200;  1 drivers
L_0000013744ff26c0 .part L_0000013744ff2c60, 2, 1;
L_0000013744ff2440 .part L_0000013744ff2c60, 0, 2;
L_0000013744ff3160 .concat [ 2 1 0 0], v0000013744ff2ee0_0, L_000001374503fc38;
L_0000013744ff3200 .concat [ 2 1 0 0], v0000013744ff29e0_0, L_000001374503fc80;
L_0000013744ff32a0 .arith/sum 3, L_0000013744ff3160, L_0000013744ff3200;
L_0000013744ff2da0 .concat [ 1 2 0 0], v0000013744ff2f80_0, L_000001374503fcc8;
L_0000013744ff2c60 .arith/sum 3, L_0000013744ff32a0, L_0000013744ff2da0;
    .scope S_0000013744fe7d80;
T_0 ;
    %vpi_call 2 39 "$display", "Test Bench for 2-bit Ripple Carry Adder" {0 0 0};
    %vpi_call 2 40 "$display", "A  B  Cin | Sum  Cout" {0 0 0};
    %pushi/vec4 0, 0, 4;
    %store/vec4 v0000013744ff2a80_0, 0, 4;
T_0.0 ;
    %load/vec4 v0000013744ff2a80_0;
    %pad/u 32;
    %cmpi/u 8, 0, 32;
    %jmp/0xz T_0.1, 5;
    %load/vec4 v0000013744ff2a80_0;
    %parti/s 1, 0, 2;
    %pad/u 2;
    %store/vec4 v0000013744ff2ee0_0, 0, 2;
    %load/vec4 v0000013744ff2a80_0;
    %parti/s 1, 1, 2;
    %pad/u 2;
    %store/vec4 v0000013744ff29e0_0, 0, 2;
    %load/vec4 v0000013744ff2a80_0;
    %parti/s 1, 2, 3;
    %store/vec4 v0000013744ff2f80_0, 0, 1;
    %delay 100, 0;
    %vpi_call 2 49 "$display", "%b  %b  %b  | %b  %b", v0000013744ff2ee0_0, v0000013744ff29e0_0, v0000013744ff2f80_0, v0000013744ff30c0_0, v0000013744ff2760_0 {0 0 0};
    %load/vec4 v0000013744ff2a80_0;
    %addi 1, 0, 4;
    %store/vec4 v0000013744ff2a80_0, 0, 4;
    %jmp T_0.0;
T_0.1 ;
    %vpi_call 2 53 "$finish" {0 0 0};
    %end;
    .thread T_0;
# The file index is used to find the file name in the following table.
:file_names 3;
    "N/A";
    "<interactive>";
    "exp_5_post2.v";
